<?xml version="1.0" encoding="UTF-8"?>
<!-- Generated by org.testng.reporters.JUnitReportReporter -->
<testsuite skipped="0" hostname="Jagadeesh" name="utils.MyTest" tests="1" failures="0" timestamp="23 Sep 2024 00:16:05 GMT" time="0.047" errors="0">
  <testcase name="myTest" time="0.047" classname="utils.MyTest"/>
</testsuite> <!-- utils.MyTest -->
