<?xml version="1.0" encoding="UTF-8"?>
<!-- Generated by org.testng.reporters.JUnitReportReporter -->
<testsuite skipped="0" hostname="Jagadeesh" name="org.servicenow.test.TC001Login" tests="2" failures="0" timestamp="22 Sep 2024 04:32:29 GMT" time="46.698" errors="0">
  <testcase name="loginTest" time="24.587" classname="org.servicenow.test.TC001Login"/>
  <testcase name="loginTest" time="22.111" classname="org.servicenow.test.TC001Login"/>
</testsuite> <!-- org.servicenow.test.TC001Login -->
