<?xml version="1.0" encoding="UTF-8"?>
<!-- Generated by org.testng.reporters.JUnitReportReporter -->
<testsuite skipped="0" hostname="Jagadeesh" name="org.servicenow.test.TC002Login2" tests="1" failures="0" timestamp="21 Sep 2024 15:58:55 GMT" time="26.296" errors="0">
  <testcase name="loginTest" time="26.296" classname="org.servicenow.test.TC002Login2"/>
</testsuite> <!-- org.servicenow.test.TC002Login2 -->
