<?xml version="1.0" encoding="UTF-8"?>
<!-- Generated by org.testng.reporters.JUnitReportReporter -->
<testsuite skipped="0" hostname="Jagadeesh" name="Assessment.GoogleTest" tests="1" failures="0" timestamp="22 Sep 2024 16:06:37 GMT" time="48.970" errors="0">
  <testcase name="searchLetCode" time="48.970" classname="Assessment.GoogleTest"/>
</testsuite> <!-- Assessment.GoogleTest -->
